{"C:\\Users\\pvare\\cursos\\clean-js\\src\\application\\cadastrar-usuario.usecase.js": {"path":"C:\\Users\\pvare\\cursos\\clean-js\\src\\application\\cadastrar-usuario.usecase.js","all":false,"statementMap":{"0":{"start":{"line":1,"column":0},"end":{"line":1,"column":75}},"1":{"start":{"line":2,"column":0},"end":{"line":2,"column":77}},"2":{"start":{"line":3,"column":0},"end":{"line":3,"column":40}},"3":{"start":{"line":4,"column":0},"end":{"line":4,"column":20}},"4":{"start":{"line":5,"column":0},"end":{"line":5,"column":10}},"5":{"start":{"line":6,"column":0},"end":{"line":6,"column":15}},"6":{"start":{"line":7,"column":0},"end":{"line":7,"column":15}},"7":{"start":{"line":8,"column":0},"end":{"line":8,"column":11}},"8":{"start":{"line":9,"column":0},"end":{"line":9,"column":7}},"9":{"start":{"line":10,"column":0},"end":{"line":10,"column":4}},"10":{"start":{"line":11,"column":0},"end":{"line":11,"column":2}}},"s":{"0":1,"1":1,"2":1,"3":1,"4":1,"5":1,"6":1,"7":1,"8":1,"9":1,"10":1},"branchMap":{"0":{"type":"branch","line":1,"loc":{"start":{"line":1,"column":17},"end":{"line":11,"column":2}},"locations":[{"start":{"line":1,"column":17},"end":{"line":11,"column":2}}]},"1":{"type":"branch","line":2,"loc":{"start":{"line":2,"column":9},"end":{"line":10,"column":3}},"locations":[{"start":{"line":2,"column":9},"end":{"line":10,"column":3}}]}},"b":{"0":[1],"1":[1]},"fnMap":{"0":{"name":"cadastrarUsuarioUseCase","decl":{"start":{"line":1,"column":17},"end":{"line":11,"column":2}},"loc":{"start":{"line":1,"column":17},"end":{"line":11,"column":2}},"line":1}},"f":{"0":1}}
}
